  [1m[35m (11.0ms)[0m  [1m[35mCREATE DATABASE `mekopics2_development` DEFAULT CHARACTER SET `utf8`[0m
  [1m[35m (2.8ms)[0m  [1m[35mCREATE DATABASE `mekopics2_test` DEFAULT CHARACTER SET `utf8`[0m
  [1m[35m (147.5ms)[0m  [1m[35mCREATE TABLE `schema_migrations` (`version` varchar(255) PRIMARY KEY) ENGINE=InnoDB[0m
  [1m[35m (56.3ms)[0m  [1m[35mCREATE TABLE `ar_internal_metadata` (`key` varchar(255) PRIMARY KEY, `value` varchar(255), `created_at` datetime NOT NULL, `updated_at` datetime NOT NULL) ENGINE=InnoDB[0m
  [1m[35m (0.3ms)[0m  [1m[34mSELECT DATABASE() as db[0m
  [1m[35m (13.0ms)[0m  [1m[34mSELECT GET_LOCK('5301959933472994050', 0);[0m
  [1m[36mActiveRecord::SchemaMigration Load (29.6ms)[0m  [1m[34mSELECT `schema_migrations`.* FROM `schema_migrations`[0m
Migrating to CreateUsers (20170527105940)
  [1m[35m (30.0ms)[0m  [1m[35mCREATE TABLE `users` (`id` int AUTO_INCREMENT PRIMARY KEY, `name` varchar(255), `created_at` datetime NOT NULL, `updated_at` datetime NOT NULL) ENGINE=InnoDB[0m
  [1m[35m (0.4ms)[0m  [1m[35mBEGIN[0m
  [1m[35mSQL (3.0ms)[0m  [1m[32mINSERT INTO `schema_migrations` (`version`) VALUES ('20170527105940')[0m
  [1m[35m (1.0ms)[0m  [1m[35mCOMMIT[0m
  [1m[36mActiveRecord::InternalMetadata Load (2.7ms)[0m  [1m[34mSELECT  `ar_internal_metadata`.* FROM `ar_internal_metadata` WHERE `ar_internal_metadata`.`key` = 'environment' LIMIT 1[0m
  [1m[35m (0.2ms)[0m  [1m[35mBEGIN[0m
  [1m[35mSQL (0.4ms)[0m  [1m[32mINSERT INTO `ar_internal_metadata` (`key`, `value`, `created_at`, `updated_at`) VALUES ('environment', 'development', '2017-05-28 03:32:41', '2017-05-28 03:32:41')[0m
  [1m[35m (6.5ms)[0m  [1m[35mCOMMIT[0m
  [1m[35m (0.4ms)[0m  [1m[34mSELECT RELEASE_LOCK('5301959933472994050')[0m
  [1m[36mActiveRecord::SchemaMigration Load (0.4ms)[0m  [1m[34mSELECT `schema_migrations`.* FROM `schema_migrations`[0m
  [1m[35m (5.6ms)[0m  [1m[35mSHOW CREATE TABLE `users`[0m
  [1m[35m (0.8ms)[0m  [1m[35mSHOW TABLE STATUS LIKE 'users'[0m
  [1m[36mActiveRecord::SchemaMigration Load (45.0ms)[0m  [1m[34mSELECT `schema_migrations`.* FROM `schema_migrations`[0m
  [1m[35m (0.3ms)[0m  [1m[34mSELECT DATABASE() as db[0m
  [1m[35m (0.3ms)[0m  [1m[34mSELECT GET_LOCK('5301959933472994050', 0);[0m
  [1m[36mActiveRecord::SchemaMigration Load (0.3ms)[0m  [1m[34mSELECT `schema_migrations`.* FROM `schema_migrations`[0m
Migrating to CreateUsers (20170527105940)
  [1m[35m (54.2ms)[0m  [1m[35mDROP TABLE `users`[0m
  [1m[35mSQL (6.5ms)[0m  [1m[31mDELETE FROM `schema_migrations` WHERE `schema_migrations`.`version` = '20170527105940'[0m
  [1m[35m (0.3ms)[0m  [1m[34mSELECT RELEASE_LOCK('5301959933472994050')[0m
  [1m[36mActiveRecord::SchemaMigration Load (0.3ms)[0m  [1m[34mSELECT `schema_migrations`.* FROM `schema_migrations`[0m
  [1m[36mActiveRecord::SchemaMigration Load (1.2ms)[0m  [1m[34mSELECT `schema_migrations`.* FROM `schema_migrations`[0m
  [1m[36mActiveRecord::SchemaMigration Load (0.3ms)[0m  [1m[34mSELECT `schema_migrations`.* FROM `schema_migrations`[0m
  [1m[36mActiveRecord::SchemaMigration Load (2.0ms)[0m  [1m[34mSELECT `schema_migrations`.* FROM `schema_migrations`[0m
  [1m[36mActiveRecord::SchemaMigration Load (0.2ms)[0m  [1m[34mSELECT `schema_migrations`.* FROM `schema_migrations`[0m
  [1m[36mActiveRecord::SchemaMigration Load (48.5ms)[0m  [1m[34mSELECT `schema_migrations`.* FROM `schema_migrations`[0m
  [1m[36mActiveRecord::SchemaMigration Load (0.3ms)[0m  [1m[34mSELECT `schema_migrations`.* FROM `schema_migrations`[0m
  [1m[36mActiveRecord::SchemaMigration Load (57.8ms)[0m  [1m[34mSELECT `schema_migrations`.* FROM `schema_migrations`[0m
  [1m[36mActiveRecord::SchemaMigration Load (0.4ms)[0m  [1m[34mSELECT `schema_migrations`.* FROM `schema_migrations`[0m
  [1m[35m (151.8ms)[0m  [1m[35mDROP DATABASE IF EXISTS `mekopics2_development`[0m
  [1m[35m (24.8ms)[0m  [1m[35mDROP DATABASE IF EXISTS `mekopics2_test`[0m
  [1m[35m (6.1ms)[0m  [1m[34mSELECT DATABASE() as db[0m
  [1m[35m (12.7ms)[0m  [1m[34mSELECT GET_LOCK('5301959933472994050', 0);[0m
  [1m[36mActiveRecord::SchemaMigration Load (12.8ms)[0m  [1m[34mSELECT `schema_migrations`.* FROM `schema_migrations`[0m
  [1m[36mActiveRecord::InternalMetadata Load (23.3ms)[0m  [1m[34mSELECT  `ar_internal_metadata`.* FROM `ar_internal_metadata` WHERE `ar_internal_metadata`.`key` = 'environment' LIMIT 1[0m
  [1m[35m (1.1ms)[0m  [1m[35mBEGIN[0m
  [1m[35m (1.0ms)[0m  [1m[35mCOMMIT[0m
  [1m[35m (0.9ms)[0m  [1m[34mSELECT RELEASE_LOCK('5301959933472994050')[0m
  [1m[36mActiveRecord::SchemaMigration Load (0.2ms)[0m  [1m[34mSELECT `schema_migrations`.* FROM `schema_migrations`[0m
  [1m[35m (0.3ms)[0m  [1m[35mSHOW CREATE TABLE `articles`[0m
  [1m[35m (0.7ms)[0m  [1m[35mSHOW TABLE STATUS LIKE 'articles'[0m
  [1m[35m (0.3ms)[0m  [1m[35mSHOW CREATE TABLE `picks`[0m
  [1m[35m (0.7ms)[0m  [1m[35mSHOW TABLE STATUS LIKE 'picks'[0m
  [1m[36mActiveRecord::SchemaMigration Load (35.5ms)[0m  [1m[34mSELECT `schema_migrations`.* FROM `schema_migrations`[0m
  [1m[35m (0.3ms)[0m  [1m[34mSELECT DATABASE() as db[0m
  [1m[35m (18.3ms)[0m  [1m[34mSELECT GET_LOCK('5301959933472994050', 0);[0m
  [1m[36mActiveRecord::SchemaMigration Load (0.3ms)[0m  [1m[34mSELECT `schema_migrations`.* FROM `schema_migrations`[0m
Migrating to CreatePicks (20170529114235)
  [1m[35m (61.3ms)[0m  [1m[35mDROP TABLE `picks`[0m
  [1m[35mSQL (5.7ms)[0m  [1m[31mDELETE FROM `schema_migrations` WHERE `schema_migrations`.`version` = '20170529114235'[0m
  [1m[35m (0.8ms)[0m  [1m[34mSELECT RELEASE_LOCK('5301959933472994050')[0m
  [1m[36mActiveRecord::SchemaMigration Load (0.3ms)[0m  [1m[34mSELECT `schema_migrations`.* FROM `schema_migrations`[0m
  [1m[35m (0.9ms)[0m  [1m[35mSHOW CREATE TABLE `articles`[0m
  [1m[35m (1.8ms)[0m  [1m[35mSHOW TABLE STATUS LIKE 'articles'[0m
  [1m[35m (0.3ms)[0m  [1m[35mSHOW CREATE TABLE `users`[0m
  [1m[35m (0.6ms)[0m  [1m[35mSHOW TABLE STATUS LIKE 'users'[0m
  [1m[36mActiveRecord::SchemaMigration Load (0.4ms)[0m  [1m[34mSELECT `schema_migrations`.* FROM `schema_migrations`[0m
  [1m[35m (0.3ms)[0m  [1m[34mSELECT DATABASE() as db[0m
  [1m[35m (0.3ms)[0m  [1m[34mSELECT GET_LOCK('5301959933472994050', 0);[0m
  [1m[36mActiveRecord::SchemaMigration Load (0.3ms)[0m  [1m[34mSELECT `schema_migrations`.* FROM `schema_migrations`[0m
Migrating to CreateArticles (20170529114127)
  [1m[35m (38.2ms)[0m  [1m[35mDROP TABLE `articles`[0m
  [1m[35mSQL (0.7ms)[0m  [1m[31mDELETE FROM `schema_migrations` WHERE `schema_migrations`.`version` = '20170529114127'[0m
  [1m[35m (0.4ms)[0m  [1m[34mSELECT RELEASE_LOCK('5301959933472994050')[0m
  [1m[36mActiveRecord::SchemaMigration Load (0.4ms)[0m  [1m[34mSELECT `schema_migrations`.* FROM `schema_migrations`[0m
  [1m[35m (0.3ms)[0m  [1m[35mSHOW CREATE TABLE `users`[0m
  [1m[35m (0.6ms)[0m  [1m[35mSHOW TABLE STATUS LIKE 'users'[0m
  [1m[36mActiveRecord::SchemaMigration Load (0.5ms)[0m  [1m[34mSELECT `schema_migrations`.* FROM `schema_migrations`[0m
  [1m[35m (0.2ms)[0m  [1m[34mSELECT DATABASE() as db[0m
  [1m[35m (0.2ms)[0m  [1m[34mSELECT GET_LOCK('5301959933472994050', 0);[0m
  [1m[36mActiveRecord::SchemaMigration Load (0.3ms)[0m  [1m[34mSELECT `schema_migrations`.* FROM `schema_migrations`[0m
Migrating to CreateUsers (20170527105940)
  [1m[35m (25.4ms)[0m  [1m[35mDROP TABLE `users`[0m
  [1m[35mSQL (0.8ms)[0m  [1m[31mDELETE FROM `schema_migrations` WHERE `schema_migrations`.`version` = '20170527105940'[0m
  [1m[35m (0.3ms)[0m  [1m[34mSELECT RELEASE_LOCK('5301959933472994050')[0m
  [1m[36mActiveRecord::SchemaMigration Load (0.3ms)[0m  [1m[34mSELECT `schema_migrations`.* FROM `schema_migrations`[0m
  [1m[36mActiveRecord::SchemaMigration Load (0.6ms)[0m  [1m[34mSELECT `schema_migrations`.* FROM `schema_migrations`[0m
  [1m[36mActiveRecord::SchemaMigration Load (0.2ms)[0m  [1m[34mSELECT `schema_migrations`.* FROM `schema_migrations`[0m
  [1m[36mActiveRecord::SchemaMigration Load (0.8ms)[0m  [1m[34mSELECT `schema_migrations`.* FROM `schema_migrations`[0m
  [1m[36mActiveRecord::SchemaMigration Load (0.3ms)[0m  [1m[34mSELECT `schema_migrations`.* FROM `schema_migrations`[0m
  [1m[35m (0.3ms)[0m  [1m[34mSELECT DATABASE() as db[0m
  [1m[35m (0.4ms)[0m  [1m[34mSELECT GET_LOCK('5301959933472994050', 0);[0m
  [1m[36mActiveRecord::SchemaMigration Load (0.6ms)[0m  [1m[34mSELECT `schema_migrations`.* FROM `schema_migrations`[0m
Migrating to CreateArticles (20170529114127)
  [1m[35m (75.7ms)[0m  [1m[35mCREATE TABLE `articles` (`id` int AUTO_INCREMENT PRIMARY KEY, `title` varchar(255), `image` varchar(255), `source` varchar(255), `created_at` datetime NOT NULL, `updated_at` datetime NOT NULL) ENGINE=InnoDB[0m
  [1m[35m (2.3ms)[0m  [1m[35mBEGIN[0m
  [1m[35mSQL (4.2ms)[0m  [1m[32mINSERT INTO `schema_migrations` (`version`) VALUES ('20170529114127')[0m
  [1m[35m (0.8ms)[0m  [1m[35mCOMMIT[0m
Migrating to CreatePicks (20170529114235)
  [1m[35m (32.8ms)[0m  [1m[35mCREATE TABLE `picks` (`id` int AUTO_INCREMENT PRIMARY KEY, `user_id` varchar(255), `article_id` varchar(255), `created_at` datetime NOT NULL, `updated_at` datetime NOT NULL) ENGINE=InnoDB[0m
  [1m[35m (0.2ms)[0m  [1m[35mBEGIN[0m
  [1m[35mSQL (0.3ms)[0m  [1m[32mINSERT INTO `schema_migrations` (`version`) VALUES ('20170529114235')[0m
  [1m[35m (0.5ms)[0m  [1m[35mCOMMIT[0m
Migrating to AddDeviseToUsers (20170530083752)
  [1m[35m (17.7ms)[0m  [1m[35mALTER TABLE `users` ADD `email` varchar(255) DEFAULT '' NOT NULL[0m
  [1m[35m (0.3ms)[0m  [1m[34mSELECT RELEASE_LOCK('5301959933472994050')[0m
